{"name": "test_user_can_Register", "status": "broken", "statusDetails": {"message": "selenium.common.exceptions.TimeoutException: Message: \nStacktrace:\n0   chromedriver                        0x0000000104f12e00 cxxbridge1$str$ptr + 2742224\n1   chromedriver                        0x0000000104f0ad00 cxxbridge1$str$ptr + 2709200\n2   chromedriver                        0x0000000104a550b8 cxxbridge1$string$len + 90520\n3   chromedriver                        0x0000000104a9c5d8 cxxbridge1$string$len + 382648\n4   chromedriver                        0x0000000104add980 cxxbridge1$string$len + 649824\n5   chromedriver                        0x0000000104a908f4 cxxbridge1$string$len + 334292\n6   chromedriver                        0x0000000104ed6478 cxxbridge1$str$ptr + 2494024\n7   chromedriver                        0x0000000104ed96a4 cxxbridge1$str$ptr + 2506868\n8   chromedriver                        0x0000000104eb73b0 cxxbridge1$str$ptr + 2366848\n9   chromedriver                        0x0000000104ed9f4c cxxbridge1$str$ptr + 2509084\n10  chromedriver                        0x0000000104ea84a8 cxxbridge1$str$ptr + 2305656\n11  chromedriver                        0x0000000104ef9644 cxxbridge1$str$ptr + 2637844\n12  chromedriver                        0x0000000104ef97d0 cxxbridge1$str$ptr + 2638240\n13  chromedriver                        0x0000000104f0a94c cxxbridge1$str$ptr + 2708252\n14  libsystem_pthread.dylib             0x000000019a666c0c _pthread_start + 136\n15  libsystem_pthread.dylib             0x000000019a661b80 thread_start + 8", "trace": "driver = <selenium.webdriver.chrome.webdriver.WebDriver (session=\"f0450b9b07e6f92fc21d58c55e1a9634\")>\n\n    @allure.feature(\"Signup\")\n    @allure.description(\"Verify user is able to sign up successfully\")\n    def test_user_can_Register(driver):\n        signup_page = SignupPage(driver, locators)\n        user_data = generate_user()\n        with allure.step(\"Open Signup Page\"):\n            signup_page.open(\"file:///Users/akashdeepsingh/Desktop/Ecommerce_app/index.html\")\n            allure.attach(\n                driver.get_screenshot_as_png(),\n                \"Signup Page\",\n                attachment_type = allure.attachment_type.PNG\n            )\n    \n        with allure.step(\"Fill Signup form\"):\n            signup_page.enter_firstname(user_data[\"First Name\"])\n            signup_page.enter_lastname(user_data[\"Last Name\"])\n            signup_page.enter_email(user_data[\"Email\"])\n            signup_page.enter_phone(user_data[\"Phone No\"])\n            allure.attach(\n                driver.get_screenshot_as_png(),\n                \"Signup Form Filled\",\n                attachment_type=allure.attachment_type.PNG\n            )\n            signup_page.enter_dob(user_data[\"DOB\"])\n            signup_page.enter_streetadd(user_data[\"Street Address\"])\n            signup_page.enter_city(user_data[\"City\"])\n            signup_page.enter_state(user_data[\"State\"])\n            signup_page.enter_zip(user_data[\"Zip Code\"])\n            signup_page.enter_country(user_data[\"Country\"])\n            signup_page.enter_occupation(user_data[\"Occupation\"])\n            password = user_data[\"Password\"]\n            signup_page.enter_password(password)\n>           signup_page.enter_confirm_password(password)  # Use the same password variable\n\ntests/test_signup_login.py:43: \n_ _ _ _ _ _ _ _ _ _ _ _ _ _ _ _ _ _ _ _ _ _ _ _ _ _ _ _ _ _ _ _ _ _ _ _ _ _ _ _ _ _ _ _ _ _ _ _ _ _\npages/signup_page.py:65: in enter_confirm_password\n    confirm_field = self._find_element(self.locators[\"confirmPassword\"])\npages/signup_page.py:16: in _find_element\n    return self.wait.until(EC.presence_of_element_located((By.XPATH, locator)))\n_ _ _ _ _ _ _ _ _ _ _ _ _ _ _ _ _ _ _ _ _ _ _ _ _ _ _ _ _ _ _ _ _ _ _ _ _ _ _ _ _ _ _ _ _ _ _ _ _ _\n\nself = <selenium.webdriver.support.wait.WebDriverWait (session=\"f0450b9b07e6f92fc21d58c55e1a9634\")>\nmethod = <function presence_of_element_located.<locals>._predicate at 0x1072685e0>, message = ''\n\n    def until(self, method: Callable[[D], Union[Literal[False], T]], message: str = \"\") -> T:\n        \"\"\"Wait until the method returns a value that is not False.\n    \n        Calls the method provided with the driver as an argument until the\n        return value does not evaluate to ``False``.\n    \n        Parameters:\n        ----------\n        method: callable(WebDriver)\n            - A callable object that takes a WebDriver instance as an argument.\n    \n        message: str\n            - Optional message for :exc:`TimeoutException`\n    \n        Return:\n        -------\n        object: T\n            - The result of the last call to `method`\n    \n        Raises:\n        -------\n        TimeoutException\n            - If 'method' does not return a truthy value within the WebDriverWait\n            object's timeout\n    \n        Example:\n        --------\n        >>> from selenium.webdriver.common.by import By\n        >>> from selenium.webdriver.support.ui import WebDriverWait\n        >>> from selenium.webdriver.support import expected_conditions as EC\n    \n        # Wait until an element is visible on the page\n        >>> wait = WebDriverWait(driver, 10)\n        >>> element = wait.until(EC.visibility_of_element_located((By.ID, \"exampleId\")))\n        >>> print(element.text)\n        \"\"\"\n        screen = None\n        stacktrace = None\n    \n        end_time = time.monotonic() + self._timeout\n        while True:\n            try:\n                value = method(self._driver)\n                if value:\n                    return value\n            except self._ignored_exceptions as exc:\n                screen = getattr(exc, \"screen\", None)\n                stacktrace = getattr(exc, \"stacktrace\", None)\n            if time.monotonic() > end_time:\n                break\n            time.sleep(self._poll)\n>       raise TimeoutException(message, screen, stacktrace)\nE       selenium.common.exceptions.TimeoutException: Message: \nE       Stacktrace:\nE       0   chromedriver                        0x0000000104f12e00 cxxbridge1$str$ptr + 2742224\nE       1   chromedriver                        0x0000000104f0ad00 cxxbridge1$str$ptr + 2709200\nE       2   chromedriver                        0x0000000104a550b8 cxxbridge1$string$len + 90520\nE       3   chromedriver                        0x0000000104a9c5d8 cxxbridge1$string$len + 382648\nE       4   chromedriver                        0x0000000104add980 cxxbridge1$string$len + 649824\nE       5   chromedriver                        0x0000000104a908f4 cxxbridge1$string$len + 334292\nE       6   chromedriver                        0x0000000104ed6478 cxxbridge1$str$ptr + 2494024\nE       7   chromedriver                        0x0000000104ed96a4 cxxbridge1$str$ptr + 2506868\nE       8   chromedriver                        0x0000000104eb73b0 cxxbridge1$str$ptr + 2366848\nE       9   chromedriver                        0x0000000104ed9f4c cxxbridge1$str$ptr + 2509084\nE       10  chromedriver                        0x0000000104ea84a8 cxxbridge1$str$ptr + 2305656\nE       11  chromedriver                        0x0000000104ef9644 cxxbridge1$str$ptr + 2637844\nE       12  chromedriver                        0x0000000104ef97d0 cxxbridge1$str$ptr + 2638240\nE       13  chromedriver                        0x0000000104f0a94c cxxbridge1$str$ptr + 2708252\nE       14  libsystem_pthread.dylib             0x000000019a666c0c _pthread_start + 136\nE       15  libsystem_pthread.dylib             0x000000019a661b80 thread_start + 8\n\n/Library/Frameworks/Python.framework/Versions/3.13/lib/python3.13/site-packages/selenium/webdriver/support/wait.py:146: TimeoutException"}, "description": "Verify user is able to sign up successfully", "steps": [{"name": "Open Signup Page", "status": "passed", "attachments": [{"name": "Signup Page", "source": "8bedb4c0-24e5-478e-8d40-19b529f5c22f-attachment.png", "type": "image/png"}], "start": 1756571101587, "stop": 1756571102227}, {"name": "Fill Signup form", "status": "broken", "statusDetails": {"message": "selenium.common.exceptions.TimeoutException: Message: \nStacktrace:\n0   chromedriver                        0x0000000104f12e00 cxxbridge1$str$ptr + 2742224\n1   chromedriver                        0x0000000104f0ad00 cxxbridge1$str$ptr + 2709200\n2   chromedriver                        0x0000000104a550b8 cxxbridge1$string$len + 90520\n3   chromedriver                        0x0000000104a9c5d8 cxxbridge1$string$len + 382648\n4   chromedriver                        0x0000000104add980 cxxbridge1$string$len + 649824\n5   chromedriver                        0x0000000104a908f4 cxxbridge1$string$len + 334292\n6   chromedriver                        0x0000000104ed6478 cxxbridge1$str$ptr + 2494024\n7   chromedriver                        0x0000000104ed96a4 cxxbridge1$str$ptr + 2506868\n8   chromedriver                        0x0000000104eb73b0 cxxbridge1$str$ptr + 2366848\n9   chromedriver                        0x0000000104ed9f4c cxxbridge1$str$ptr + 2509084\n10  chromedriver                        0x0000000104ea84a8 cxxbridge1$str$ptr + 2305656\n11  chromedriver                        0x0000000104ef9644 cxxbridge1$str$ptr + 2637844\n12  chromedriver                        0x0000000104ef97d0 cxxbridge1$str$ptr + 2638240\n13  chromedriver                        0x0000000104f0a94c cxxbridge1$str$ptr + 2708252\n14  libsystem_pthread.dylib             0x000000019a666c0c _pthread_start + 136\n15  libsystem_pthread.dylib             0x000000019a661b80 thread_start + 8\n\n", "trace": "  File \"/Users/akashdeepsingh/Desktop/Ecommerce_app/tests/test_signup_login.py\", line 43, in test_user_can_Register\n    signup_page.enter_confirm_password(password)  # Use the same password variable\n    ~~~~~~~~~~~~~~~~~~~~~~~~~~~~~~~~~~^^^^^^^^^^\n  File \"/Users/akashdeepsingh/Desktop/Ecommerce_app/pages/signup_page.py\", line 65, in enter_confirm_password\n    confirm_field = self._find_element(self.locators[\"confirmPassword\"])\n  File \"/Users/akashdeepsingh/Desktop/Ecommerce_app/pages/signup_page.py\", line 16, in _find_element\n    return self.wait.until(EC.presence_of_element_located((By.XPATH, locator)))\n           ~~~~~~~~~~~~~~~^^^^^^^^^^^^^^^^^^^^^^^^^^^^^^^^^^^^^^^^^^^^^^^^^^^^^\n  File \"/Library/Frameworks/Python.framework/Versions/3.13/lib/python3.13/site-packages/selenium/webdriver/support/wait.py\", line 146, in until\n    raise TimeoutException(message, screen, stacktrace)\n"}, "attachments": [{"name": "Signup Form Filled", "source": "8b03a642-15ab-4ea8-ad2e-5a01f22c5313-attachment.png", "type": "image/png"}], "start": 1756571102227, "stop": 1756571113153}], "start": 1756571101586, "stop": 1756571113154, "uuid": "6a8dbf00-9c3e-46b8-8b44-727646463f97", "historyId": "434bc8e9f871744b8756f28dd0b5058f", "testCaseId": "434bc8e9f871744b8756f28dd0b5058f", "fullName": "tests.test_signup_login#test_user_can_Register", "labels": [{"name": "feature", "value": "Signup"}, {"name": "parentSuite", "value": "tests"}, {"name": "suite", "value": "test_signup_login"}, {"name": "host", "value": "Akashs-MacBook-Air-2.local"}, {"name": "thread", "value": "14990-MainThread"}, {"name": "framework", "value": "pytest"}, {"name": "language", "value": "cpython3"}, {"name": "package", "value": "tests.test_signup_login"}]}