{"name": "test_user_can_Register", "status": "broken", "statusDetails": {"message": "selenium.common.exceptions.NoSuchElementException: Message: no such element: Unable to locate element: {\"method\":\"css selector\",\"selector\":\"[id=\"id:registerFirstName\"]\"}\n  (Session info: chrome=139.0.7258.155); For documentation on this error, please visit: https://www.selenium.dev/documentation/webdriver/troubleshooting/errors#no-such-element-exception\nStacktrace:\n0   chromedriver                        0x0000000102f26e00 cxxbridge1$str$ptr + 2742224\n1   chromedriver                        0x0000000102f1ed00 cxxbridge1$str$ptr + 2709200\n2   chromedriver                        0x0000000102a690b8 cxxbridge1$string$len + 90520\n3   chromedriver                        0x0000000102ab05d8 cxxbridge1$string$len + 382648\n4   chromedriver                        0x0000000102af1980 cxxbridge1$string$len + 649824\n5   chromedriver                        0x0000000102aa48f4 cxxbridge1$string$len + 334292\n6   chromedriver                        0x0000000102eea478 cxxbridge1$str$ptr + 2494024\n7   chromedriver                        0x0000000102eed6a4 cxxbridge1$str$ptr + 2506868\n8   chromedriver                        0x0000000102ecb3b0 cxxbridge1$str$ptr + 2366848\n9   chromedriver                        0x0000000102eedf4c cxxbridge1$str$ptr + 2509084\n10  chromedriver                        0x0000000102ebc4a8 cxxbridge1$str$ptr + 2305656\n11  chromedriver                        0x0000000102f0d644 cxxbridge1$str$ptr + 2637844\n12  chromedriver                        0x0000000102f0d7d0 cxxbridge1$str$ptr + 2638240\n13  chromedriver                        0x0000000102f1e94c cxxbridge1$str$ptr + 2708252\n14  libsystem_pthread.dylib             0x000000019a666c0c _pthread_start + 136\n15  libsystem_pthread.dylib             0x000000019a661b80 thread_start + 8", "trace": "driver = <selenium.webdriver.chrome.webdriver.WebDriver (session=\"0c55ac4e842c22e7f5daab633b8a0e74\")>\n\n    @allure.feature(\"Signup\")\n    @allure.description(\"Verify user is able to sign up successfully\")\n    def test_user_can_Register(driver):\n        signup_page = SignupPage(driver, locators)\n        user_data = generate_user()\n        with allure.step(\"Open Signup Page\"):\n            signup_page.open(\"file:///Users/akashdeepsingh/Desktop/Ecommerce_app/index.html\")\n            allure.attach(\n                driver.get_screenshot_as_png(),\n                \"Signup Page\",\n                attachment_type = allure.attachment_type.PNG\n            )\n    \n        with allure.step(\"Fill Signup form\"):\n>           signup_page.enter_firstname(user_data[\"First Name\"])\n\ntests/test_signup_login.py:25: \n_ _ _ _ _ _ _ _ _ _ _ _ _ _ _ _ _ _ _ _ _ _ _ _ _ _ _ _ _ _ _ _ _ _ _ _ _ _ _ _ _ _ _ _ _ _ _ _ _ _\npages/signup_page.py:16: in enter_firstname\n    self.driver.find_element(By.ID, self.locators[\"FirstName\"]).send_keys(name)\n/Library/Frameworks/Python.framework/Versions/3.13/lib/python3.13/site-packages/selenium/webdriver/remote/webdriver.py:898: in find_element\n    return self.execute(Command.FIND_ELEMENT, {\"using\": by, \"value\": value})[\"value\"]\n/Library/Frameworks/Python.framework/Versions/3.13/lib/python3.13/site-packages/selenium/webdriver/remote/webdriver.py:429: in execute\n    self.error_handler.check_response(response)\n_ _ _ _ _ _ _ _ _ _ _ _ _ _ _ _ _ _ _ _ _ _ _ _ _ _ _ _ _ _ _ _ _ _ _ _ _ _ _ _ _ _ _ _ _ _ _ _ _ _\n\nself = <selenium.webdriver.remote.errorhandler.ErrorHandler object at 0x106217e00>\nresponse = {'status': 404, 'value': '{\"value\":{\"error\":\"no such element\",\"message\":\"no such element: Unable to locate element: {\\...00019a666c0c _pthread_start + 136\\\\n15  libsystem_pthread.dylib             0x000000019a661b80 thread_start + 8\\\\n\"}}'}\n\n    def check_response(self, response: Dict[str, Any]) -> None:\n        \"\"\"Checks that a JSON response from the WebDriver does not have an\n        error.\n    \n        :Args:\n         - response - The JSON response from the WebDriver server as a dictionary\n           object.\n    \n        :Raises: If the response contains an error message.\n        \"\"\"\n        status = response.get(\"status\", None)\n        if not status or status == ErrorCode.SUCCESS:\n            return\n        value = None\n        message = response.get(\"message\", \"\")\n        screen: str = response.get(\"screen\", \"\")\n        stacktrace = None\n        if isinstance(status, int):\n            value_json = response.get(\"value\", None)\n            if value_json and isinstance(value_json, str):\n                import json\n    \n                try:\n                    value = json.loads(value_json)\n                    if len(value) == 1:\n                        value = value[\"value\"]\n                    status = value.get(\"error\", None)\n                    if not status:\n                        status = value.get(\"status\", ErrorCode.UNKNOWN_ERROR)\n                        message = value.get(\"value\") or value.get(\"message\")\n                        if not isinstance(message, str):\n                            value = message\n                            message = message.get(\"message\")\n                    else:\n                        message = value.get(\"message\", None)\n                except ValueError:\n                    pass\n    \n        exception_class: Type[WebDriverException]\n        e = ErrorCode()\n        error_codes = [item for item in dir(e) if not item.startswith(\"__\")]\n        for error_code in error_codes:\n            error_info = getattr(ErrorCode, error_code)\n            if isinstance(error_info, list) and status in error_info:\n                exception_class = getattr(ExceptionMapping, error_code, WebDriverException)\n                break\n        else:\n            exception_class = WebDriverException\n    \n        if not value:\n            value = response[\"value\"]\n        if isinstance(value, str):\n            raise exception_class(value)\n        if message == \"\" and \"message\" in value:\n            message = value[\"message\"]\n    \n        screen = None  # type: ignore[assignment]\n        if \"screen\" in value:\n            screen = value[\"screen\"]\n    \n        stacktrace = None\n        st_value = value.get(\"stackTrace\") or value.get(\"stacktrace\")\n        if st_value:\n            if isinstance(st_value, str):\n                stacktrace = st_value.split(\"\\n\")\n            else:\n                stacktrace = []\n                try:\n                    for frame in st_value:\n                        line = frame.get(\"lineNumber\", \"\")\n                        file = frame.get(\"fileName\", \"<anonymous>\")\n                        if line:\n                            file = f\"{file}:{line}\"\n                        meth = frame.get(\"methodName\", \"<anonymous>\")\n                        if \"className\" in frame:\n                            meth = f\"{frame['className']}.{meth}\"\n                        msg = \"    at %s (%s)\"\n                        msg = msg % (meth, file)\n                        stacktrace.append(msg)\n                except TypeError:\n                    pass\n        if exception_class == UnexpectedAlertPresentException:\n            alert_text = None\n            if \"data\" in value:\n                alert_text = value[\"data\"].get(\"text\")\n            elif \"alert\" in value:\n                alert_text = value[\"alert\"].get(\"text\")\n            raise exception_class(message, screen, stacktrace, alert_text)  # type: ignore[call-arg]  # mypy is not smart enough here\n>       raise exception_class(message, screen, stacktrace)\nE       selenium.common.exceptions.NoSuchElementException: Message: no such element: Unable to locate element: {\"method\":\"css selector\",\"selector\":\"[id=\"id:registerFirstName\"]\"}\nE         (Session info: chrome=139.0.7258.155); For documentation on this error, please visit: https://www.selenium.dev/documentation/webdriver/troubleshooting/errors#no-such-element-exception\nE       Stacktrace:\nE       0   chromedriver                        0x0000000102f26e00 cxxbridge1$str$ptr + 2742224\nE       1   chromedriver                        0x0000000102f1ed00 cxxbridge1$str$ptr + 2709200\nE       2   chromedriver                        0x0000000102a690b8 cxxbridge1$string$len + 90520\nE       3   chromedriver                        0x0000000102ab05d8 cxxbridge1$string$len + 382648\nE       4   chromedriver                        0x0000000102af1980 cxxbridge1$string$len + 649824\nE       5   chromedriver                        0x0000000102aa48f4 cxxbridge1$string$len + 334292\nE       6   chromedriver                        0x0000000102eea478 cxxbridge1$str$ptr + 2494024\nE       7   chromedriver                        0x0000000102eed6a4 cxxbridge1$str$ptr + 2506868\nE       8   chromedriver                        0x0000000102ecb3b0 cxxbridge1$str$ptr + 2366848\nE       9   chromedriver                        0x0000000102eedf4c cxxbridge1$str$ptr + 2509084\nE       10  chromedriver                        0x0000000102ebc4a8 cxxbridge1$str$ptr + 2305656\nE       11  chromedriver                        0x0000000102f0d644 cxxbridge1$str$ptr + 2637844\nE       12  chromedriver                        0x0000000102f0d7d0 cxxbridge1$str$ptr + 2638240\nE       13  chromedriver                        0x0000000102f1e94c cxxbridge1$str$ptr + 2708252\nE       14  libsystem_pthread.dylib             0x000000019a666c0c _pthread_start + 136\nE       15  libsystem_pthread.dylib             0x000000019a661b80 thread_start + 8\n\n/Library/Frameworks/Python.framework/Versions/3.13/lib/python3.13/site-packages/selenium/webdriver/remote/errorhandler.py:232: NoSuchElementException"}, "description": "Verify user is able to sign up successfully", "steps": [{"name": "Open Signup Page", "status": "passed", "attachments": [{"name": "Signup Page", "source": "9d824df3-ffbb-4503-a942-cbf55b9145f8-attachment.png", "type": "image/png"}], "start": 1756446798381, "stop": 1756446799038}, {"name": "Fill Signup form", "status": "broken", "statusDetails": {"message": "selenium.common.exceptions.NoSuchElementException: Message: no such element: Unable to locate element: {\"method\":\"css selector\",\"selector\":\"[id=\"id:registerFirstName\"]\"}\n  (Session info: chrome=139.0.7258.155); For documentation on this error, please visit: https://www.selenium.dev/documentation/webdriver/troubleshooting/errors#no-such-element-exception\nStacktrace:\n0   chromedriver                        0x0000000102f26e00 cxxbridge1$str$ptr + 2742224\n1   chromedriver                        0x0000000102f1ed00 cxxbridge1$str$ptr + 2709200\n2   chromedriver                        0x0000000102a690b8 cxxbridge1$string$len + 90520\n3   chromedriver                        0x0000000102ab05d8 cxxbridge1$string$len + 382648\n4   chromedriver                        0x0000000102af1980 cxxbridge1$string$len + 649824\n5   chromedriver                        0x0000000102aa48f4 cxxbridge1$string$len + 334292\n6   chromedriver                        0x0000000102eea478 cxxbridge1$str$ptr + 2494024\n7   chromedriver                        0x0000000102eed6a4 cxxbridge1$str$ptr + 2506868\n8   chromedriver                        0x0000000102ecb3b0 cxxbridge1$str$ptr + 2366848\n9   chromedriver                        0x0000000102eedf4c cxxbridge1$str$ptr + 2509084\n10  chromedriver                        0x0000000102ebc4a8 cxxbridge1$str$ptr + 2305656\n11  chromedriver                        0x0000000102f0d644 cxxbridge1$str$ptr + 2637844\n12  chromedriver                        0x0000000102f0d7d0 cxxbridge1$str$ptr + 2638240\n13  chromedriver                        0x0000000102f1e94c cxxbridge1$str$ptr + 2708252\n14  libsystem_pthread.dylib             0x000000019a666c0c _pthread_start + 136\n15  libsystem_pthread.dylib             0x000000019a661b80 thread_start + 8\n\n", "trace": "  File \"/Users/akashdeepsingh/Desktop/Ecommerce_app/tests/test_signup_login.py\", line 25, in test_user_can_Register\n    signup_page.enter_firstname(user_data[\"First Name\"])\n    ~~~~~~~~~~~~~~~~~~~~~~~~~~~^^^^^^^^^^^^^^^^^^^^^^^^^\n  File \"/Users/akashdeepsingh/Desktop/Ecommerce_app/pages/signup_page.py\", line 16, in enter_firstname\n    self.driver.find_element(By.ID, self.locators[\"FirstName\"]).send_keys(name)\n    ~~~~~~~~~~~~~~~~~~~~~~~~^^^^^^^^^^^^^^^^^^^^^^^^^^^^^^^^^^^\n  File \"/Library/Frameworks/Python.framework/Versions/3.13/lib/python3.13/site-packages/selenium/webdriver/remote/webdriver.py\", line 898, in find_element\n    return self.execute(Command.FIND_ELEMENT, {\"using\": by, \"value\": value})[\"value\"]\n           ~~~~~~~~~~~~^^^^^^^^^^^^^^^^^^^^^^^^^^^^^^^^^^^^^^^^^^^^^^^^^^^^^\n  File \"/Library/Frameworks/Python.framework/Versions/3.13/lib/python3.13/site-packages/selenium/webdriver/remote/webdriver.py\", line 429, in execute\n    self.error_handler.check_response(response)\n    ~~~~~~~~~~~~~~~~~~~~~~~~~~~~~~~~~^^^^^^^^^^\n  File \"/Library/Frameworks/Python.framework/Versions/3.13/lib/python3.13/site-packages/selenium/webdriver/remote/errorhandler.py\", line 232, in check_response\n    raise exception_class(message, screen, stacktrace)\n"}, "start": 1756446799038, "stop": 1756446799043}], "start": 1756446798380, "stop": 1756446799045, "uuid": "5534af90-9962-4c3c-8d09-51982ce1b6ff", "historyId": "434bc8e9f871744b8756f28dd0b5058f", "testCaseId": "434bc8e9f871744b8756f28dd0b5058f", "fullName": "tests.test_signup_login#test_user_can_Register", "labels": [{"name": "feature", "value": "Signup"}, {"name": "parentSuite", "value": "tests"}, {"name": "suite", "value": "test_signup_login"}, {"name": "host", "value": "Akashs-MacBook-Air-2.local"}, {"name": "thread", "value": "7402-MainThread"}, {"name": "framework", "value": "pytest"}, {"name": "language", "value": "cpython3"}, {"name": "package", "value": "tests.test_signup_login"}]}